<?xml version="1.0" encoding="UTF-8"?>
<!-- Generated by org.testng.reporters.JUnitXMLReporter -->
<testsuite hostname="Syntaxs-MacBook-Pro.local" ignored="3" name="Smoke Test" tests="1" failures="0" timestamp="2020-05-30T14:35:42 EDT" time="4.973" errors="0">
  <testcase name="validAdminLogin" time="2.186" classname="com.hrms.testcases.LoginTest"/>
  <testcase name="invalidPasswordLogin" time="0.0" classname="com.hrms.testcases.LoginTest">
    <ignored/>
  </testcase> <!-- invalidPasswordLogin -->
  <testcase name="emptyUsernameLogin" time="0.0" classname="com.hrms.testcases.LoginTest">
    <ignored/>
  </testcase> <!-- emptyUsernameLogin -->
  <testcase name="test" time="0.0" classname="com.hrms.testcases.AddEmployeeTest">
    <ignored/>
  </testcase> <!-- test -->
</testsuite> <!-- Smoke Test -->
